<?xml version="1.0" encoding="UTF-8"?>
<testng-results ignored="0" total="1" passed="0" failed="1" skipped="0">
  <reporter-output>
  </reporter-output>
  <suite started-at="2024-09-09T16:02:59 IST" name="Demo SauceLabs" finished-at="2024-09-09T16:03:06 IST" duration-ms="6505">
    <groups>
    </groups>
    <test started-at="2024-09-09T16:02:59 IST" name="Demo Tests for SauceLabs" finished-at="2024-09-09T16:03:06 IST" duration-ms="6505">
      <class name="demo.sauceLabs.pom.tests.HomePageTests">
        <test-method is-config="true" signature="startDriverInit(java.lang.String)[pri:0, instance:demo.sauceLabs.pom.tests.HomePageTests@1972e513]" started-at="2024-09-09T16:02:59 IST" name="startDriverInit" finished-at="2024-09-09T16:02:59 IST" duration-ms="14" status="PASS">
          <params>
            <param index="0">
              <value>
                <![CDATA[CHROME]]>
              </value>
            </param>
          </params>
          <reporter-output>
          </reporter-output>
        </test-method> <!-- startDriverInit -->
        <test-method is-config="true" signature="startDriver(java.lang.String)[pri:0, instance:demo.sauceLabs.pom.tests.HomePageTests@1972e513]" started-at="2024-09-09T16:02:59 IST" name="startDriver" finished-at="2024-09-09T16:03:02 IST" duration-ms="2057" status="PASS">
          <params>
            <param index="0">
              <value>
                <![CDATA[CHROME]]>
              </value>
            </param>
          </params>
          <reporter-output>
          </reporter-output>
        </test-method> <!-- startDriver -->
        <test-method signature="addToCart()[pri:0, instance:demo.sauceLabs.pom.tests.HomePageTests@1972e513]" started-at="2024-09-09T16:03:02 IST" name="addToCart" description="Verify that user can Add Items to Cart, Enter Address Details and Place Order" finished-at="2024-09-09T16:03:06 IST" duration-ms="4247" status="FAIL">
          <exception class="java.lang.AssertionError">
            <message>
              <![CDATA[Unable to navigate to Address Page expected [true] but found [false]]]>
            </message>
            <full-stacktrace>
              <![CDATA[java.lang.AssertionError: Unable to navigate to Address Page expected [true] but found [false]
at org.testng.Assert.fail(Assert.java:110)
at org.testng.Assert.failNotEquals(Assert.java:1577)
at org.testng.Assert.assertTrue(Assert.java:56)
at demo.sauceLabs.pom.base.BaseTest.validateStatusReportLog(BaseTest.java:97)
at demo.sauceLabs.pom.tests.HomePageTests.addToCart(HomePageTests.java:62)
at java.base/jdk.internal.reflect.DirectMethodHandleAccessor.invoke(DirectMethodHandleAccessor.java:103)
at java.base/java.lang.reflect.Method.invoke(Method.java:580)
at org.testng.internal.invokers.MethodInvocationHelper.invokeMethod(MethodInvocationHelper.java:139)
at org.testng.internal.invokers.TestInvoker.invokeMethod(TestInvoker.java:677)
at org.testng.internal.invokers.TestInvoker.invokeTestMethod(TestInvoker.java:221)
at org.testng.internal.invokers.MethodRunner.runInSequence(MethodRunner.java:50)
at org.testng.internal.invokers.TestInvoker$MethodInvocationAgent.invoke(TestInvoker.java:969)
at org.testng.internal.invokers.TestInvoker.invokeTestMethods(TestInvoker.java:194)
at org.testng.internal.invokers.TestMethodWorker.invokeTestMethods(TestMethodWorker.java:148)
at org.testng.internal.invokers.TestMethodWorker.run(TestMethodWorker.java:128)
at java.base/java.util.ArrayList.forEach(ArrayList.java:1597)
at org.testng.TestRunner.privateRun(TestRunner.java:829)
at org.testng.TestRunner.run(TestRunner.java:602)
at org.testng.SuiteRunner.runTest(SuiteRunner.java:437)
at org.testng.SuiteRunner.runSequentially(SuiteRunner.java:431)
at org.testng.SuiteRunner.privateRun(SuiteRunner.java:391)
at org.testng.SuiteRunner.run(SuiteRunner.java:330)
at org.testng.SuiteRunnerWorker.runSuite(SuiteRunnerWorker.java:52)
at org.testng.SuiteRunnerWorker.run(SuiteRunnerWorker.java:95)
at org.testng.TestNG.runSuitesSequentially(TestNG.java:1256)
at org.testng.TestNG.runSuitesLocally(TestNG.java:1176)
at org.testng.TestNG.runSuites(TestNG.java:1099)
at org.testng.TestNG.run(TestNG.java:1067)
at org.testng.remote.AbstractRemoteTestNG.run(AbstractRemoteTestNG.java:115)
at org.testng.remote.RemoteTestNG.initAndRun(RemoteTestNG.java:293)
at org.testng.remote.RemoteTestNG.main(RemoteTestNG.java:91)
]]>
            </full-stacktrace>
          </exception> <!-- java.lang.AssertionError -->
          <reporter-output>
          </reporter-output>
        </test-method> <!-- addToCart -->
        <test-method is-config="true" signature="tearDown(java.lang.String)[pri:0, instance:demo.sauceLabs.pom.tests.HomePageTests@1972e513]" started-at="2024-09-09T16:03:06 IST" name="tearDown" finished-at="2024-09-09T16:03:06 IST" duration-ms="156" status="PASS">
          <params>
            <param index="0">
              <value is-null="true"/>
            </param>
          </params>
          <reporter-output>
          </reporter-output>
        </test-method> <!-- tearDown -->
        <test-method is-config="true" signature="afterSuite(java.lang.String)[pri:0, instance:demo.sauceLabs.pom.tests.HomePageTests@1972e513]" started-at="2024-09-09T16:03:06 IST" name="afterSuite" finished-at="2024-09-09T16:03:06 IST" duration-ms="9" status="PASS">
          <params>
            <param index="0">
              <value is-null="true"/>
            </param>
          </params>
          <reporter-output>
          </reporter-output>
        </test-method> <!-- afterSuite -->
      </class> <!-- demo.sauceLabs.pom.tests.HomePageTests -->
    </test> <!-- Demo Tests for SauceLabs -->
  </suite> <!-- Demo SauceLabs -->
</testng-results>
