<?xml version="1.0" encoding="UTF-8"?>
<!-- Generated by org.testng.reporters.JUnitXMLReporter -->
<testsuite ignored="0" hostname="DESKTOP-FQMJI7G" failures="1" tests="1" name="Demo Tests for SauceLabs" time="6.505" errors="0" timestamp="2024-09-09T16:03:06 IST">
  <testcase classname="demo.sauceLabs.pom.tests.HomePageTests" name="addToCart" time="4.247">
    <failure type="java.lang.AssertionError" message="Unable to navigate to Address Page expected [true] but found [false]">
      <![CDATA[java.lang.AssertionError: Unable to navigate to Address Page expected [true] but found [false]
at demo.sauceLabs.pom.base.BaseTest.validateStatusReportLog(BaseTest.java:97)
at demo.sauceLabs.pom.tests.HomePageTests.addToCart(HomePageTests.java:62)
at java.base/java.util.ArrayList.forEach(ArrayList.java:1597)
... Removed 28 stack frames]]>
    </failure>
  </testcase> <!-- addToCart -->
</testsuite> <!-- Demo Tests for SauceLabs -->
